mode: atomic
github.com/screwyprof/delegator/pkg/clock/clock.go:11.2,12.1 1 5
github.com/screwyprof/delegator/pkg/clock/clock.go:16.2,17.1 1 11
github.com/screwyprof/delegator/pkg/httpkit/httpkit.go:28.2,29.39 2 16
github.com/screwyprof/delegator/pkg/httpkit/httpkit.go:30.3,31.1 1 16
github.com/screwyprof/delegator/pkg/httpkit/httpkit.go:43.2,43.58 1 17
github.com/screwyprof/delegator/pkg/httpkit/httpkit.go:44.3,45.1 1 6
github.com/screwyprof/delegator/pkg/httpkit/httpkit.go:46.2,47.54 2 11
github.com/screwyprof/delegator/pkg/httpkit/httpkit.go:52.2,52.63 1 2
github.com/screwyprof/delegator/pkg/httpkit/httpkit.go:53.3,54.1 1 2
github.com/screwyprof/delegator/pkg/httpkit/httpkit.go:59.2,59.63 1 11
github.com/screwyprof/delegator/pkg/httpkit/httpkit.go:60.3,61.1 1 11
github.com/screwyprof/delegator/pkg/httpkit/httpkit.go:62.2,62.12 1 0
github.com/screwyprof/delegator/pkg/httpkit/httpkit.go:69.2,71.1 3 6
github.com/screwyprof/delegator/pkg/httpkit/httpkit.go:72.2,72.40 3 6
github.com/screwyprof/delegator/pkg/httpkit/httpkit.go:73.3,74.1 1 6
github.com/screwyprof/delegator/pkg/httpkit/httpkit.go:79.2,79.54 1 6
github.com/screwyprof/delegator/pkg/httpkit/httpkit.go:80.3,84.1 4 6
github.com/screwyprof/delegator/pkg/httpkit/httpkit.go:89.2,89.54 1 2
github.com/screwyprof/delegator/pkg/httpkit/httpkit.go:91.3,92.1 5 2
github.com/screwyprof/delegator/pkg/httpkit/httpkit.go:94.3,96.1 5 2
github.com/screwyprof/delegator/pkg/httpkit/httpkit.go:98.3,100.1 5 2
github.com/screwyprof/delegator/pkg/logger/logger.go:20.2,22.16 3 6
github.com/screwyprof/delegator/pkg/logger/logger.go:23.3,24.1 1 0
github.com/screwyprof/delegator/pkg/logger/logger.go:25.2,25.12 1 6
github.com/screwyprof/delegator/pkg/logger/logger.go:30.2,34.56 2 6
github.com/screwyprof/delegator/pkg/logger/logger.go:35.4,35.29 1 54
github.com/screwyprof/delegator/pkg/logger/logger.go:37.5,38.1 1 6
github.com/screwyprof/delegator/pkg/logger/logger.go:39.4,39.12 1 48
github.com/screwyprof/delegator/pkg/logger/logger.go:43.2,44.26 2 6
github.com/screwyprof/delegator/pkg/logger/logger.go:45.3,46.1 1 0
github.com/screwyprof/delegator/pkg/logger/logger.go:47.3,48.1 1 6
github.com/screwyprof/delegator/pkg/logger/logger.go:49.2,49.26 1 6
github.com/screwyprof/delegator/pkg/logger/middleware.go:19.2,21.1 2 11
github.com/screwyprof/delegator/pkg/logger/middleware.go:24.2,27.1 3 10
github.com/screwyprof/delegator/pkg/logger/middleware.go:31.2,31.46 1 11
github.com/screwyprof/delegator/pkg/logger/middleware.go:32.3,32.72 1 11
github.com/screwyprof/delegator/pkg/logger/middleware.go:33.4,34.1 9 11
github.com/screwyprof/delegator/pkg/logger/middleware.go:36.4,38.1 9 11
github.com/screwyprof/delegator/pkg/logger/middleware.go:40.4,41.1 9 11
github.com/screwyprof/delegator/pkg/logger/middleware.go:43.4,46.1 9 11
github.com/screwyprof/delegator/pkg/logger/middleware.go:49.4,50.1 9 11
github.com/screwyprof/delegator/pkg/logger/middleware.go:52.4,53.1 9 11
github.com/screwyprof/delegator/pkg/logger/middleware.go:55.4,56.11 9 11
github.com/screwyprof/delegator/pkg/logger/middleware.go:58.5,58.28 1 1
github.com/screwyprof/delegator/pkg/logger/middleware.go:60.5,60.27 1 10
github.com/screwyprof/delegator/pkg/logger/middleware.go:64.4,71.1 2 11
github.com/screwyprof/delegator/pkg/logger/middleware.go:74.4,74.53 2 11
github.com/screwyprof/delegator/pkg/logger/middleware.go:76.5,77.1 1 2
github.com/screwyprof/delegator/pkg/logger/middleware.go:80.4,80.57 1 11
github.com/screwyprof/delegator/pkg/logger/middleware.go:87.2,87.48 1 2
github.com/screwyprof/delegator/pkg/logger/middleware.go:88.3,89.1 1 2
github.com/screwyprof/delegator/pkg/logger/middleware.go:90.2,90.20 1 0
github.com/screwyprof/delegator/pkg/pgxdb/pgxdb.go:22.2,23.16 2 7
github.com/screwyprof/delegator/pkg/pgxdb/pgxdb.go:24.3,25.1 1 0
github.com/screwyprof/delegator/pkg/pgxdb/pgxdb.go:32.2,34.1 8 7
github.com/screwyprof/delegator/pkg/pgxdb/pgxdb.go:36.2,39.1 8 7
github.com/screwyprof/delegator/pkg/pgxdb/pgxdb.go:41.2,42.1 8 7
github.com/screwyprof/delegator/pkg/pgxdb/pgxdb.go:43.2,44.16 8 7
github.com/screwyprof/delegator/pkg/pgxdb/pgxdb.go:45.3,46.1 1 0
github.com/screwyprof/delegator/pkg/pgxdb/pgxdb.go:48.2,48.39 1 7
github.com/screwyprof/delegator/pkg/pgxdb/pgxdb.go:49.3,51.1 2 0
github.com/screwyprof/delegator/pkg/pgxdb/pgxdb.go:53.2,53.18 1 7
github.com/screwyprof/delegator/pkg/tzkt/client.go:41.2,44.1 1 26
github.com/screwyprof/delegator/pkg/tzkt/client.go:68.2,69.1 3 41
github.com/screwyprof/delegator/pkg/tzkt/client.go:70.2,71.16 3 41
github.com/screwyprof/delegator/pkg/tzkt/client.go:72.3,73.1 1 1
github.com/screwyprof/delegator/pkg/tzkt/client.go:75.2,76.16 2 40
github.com/screwyprof/delegator/pkg/tzkt/client.go:77.3,78.1 1 1
github.com/screwyprof/delegator/pkg/tzkt/client.go:79.2,79.15 1 39
github.com/screwyprof/delegator/pkg/tzkt/client.go:81.3,83.1 2 39
github.com/screwyprof/delegator/pkg/tzkt/client.go:85.2,85.38 1 39
github.com/screwyprof/delegator/pkg/tzkt/client.go:86.3,87.1 1 3
github.com/screwyprof/delegator/pkg/tzkt/client.go:89.2,90.72 2 36
github.com/screwyprof/delegator/pkg/tzkt/client.go:91.3,92.1 1 1
github.com/screwyprof/delegator/pkg/tzkt/client.go:94.2,94.25 1 35
github.com/screwyprof/delegator/pkg/tzkt/client.go:98.2,98.16 1 41
github.com/screwyprof/delegator/pkg/tzkt/client.go:99.3,100.1 1 1
github.com/screwyprof/delegator/pkg/tzkt/client.go:101.2,101.14 1 40
github.com/screwyprof/delegator/pkg/tzkt/client.go:105.2,106.1 3 41
github.com/screwyprof/delegator/pkg/tzkt/client.go:107.2,108.16 3 41
github.com/screwyprof/delegator/pkg/tzkt/client.go:109.3,110.1 1 1
github.com/screwyprof/delegator/pkg/tzkt/client.go:112.2,112.21 1 40
github.com/screwyprof/delegator/pkg/tzkt/client.go:116.2,119.1 4 41
github.com/screwyprof/delegator/pkg/tzkt/client.go:121.2,121.30 4 41
github.com/screwyprof/delegator/pkg/tzkt/client.go:122.3,123.1 1 27
github.com/screwyprof/delegator/pkg/tzkt/client.go:124.2,124.28 1 41
github.com/screwyprof/delegator/pkg/tzkt/client.go:125.3,126.1 1 1
github.com/screwyprof/delegator/pkg/tzkt/client.go:129.2,129.20 1 41
github.com/screwyprof/delegator/pkg/tzkt/client.go:130.3,131.1 1 2
github.com/screwyprof/delegator/pkg/tzkt/client.go:133.2,133.76 1 41
github.com/screwyprof/delegator/scraper/service.go:18.2,18.26 1 5
github.com/screwyprof/delegator/scraper/service.go:18.28,18.41 1 5
github.com/screwyprof/delegator/scraper/service.go:23.2,23.26 1 6
github.com/screwyprof/delegator/scraper/service.go:23.28,23.48 1 6
github.com/screwyprof/delegator/scraper/service.go:28.2,28.26 1 11
github.com/screwyprof/delegator/scraper/service.go:28.28,28.45 1 11
github.com/screwyprof/delegator/scraper/service.go:46.2,53.1 2 11
github.com/screwyprof/delegator/scraper/service.go:54.2,54.27 2 11
github.com/screwyprof/delegator/scraper/service.go:55.3,56.1 1 22
github.com/screwyprof/delegator/scraper/service.go:57.2,57.10 1 11
github.com/screwyprof/delegator/scraper/service.go:77.2,78.12 2 11
github.com/screwyprof/delegator/scraper/service.go:79.3,82.1 3 11
github.com/screwyprof/delegator/scraper/service.go:83.2,83.23 1 11
github.com/screwyprof/delegator/scraper/service.go:90.2,91.1 3 11
github.com/screwyprof/delegator/scraper/service.go:93.2,94.16 3 11
github.com/screwyprof/delegator/scraper/service.go:95.3,97.1 2 0
github.com/screwyprof/delegator/scraper/service.go:99.2,102.1 3 11
github.com/screwyprof/delegator/scraper/service.go:104.2,105.6 3 11
github.com/screwyprof/delegator/scraper/service.go:106.3,107.17 2 21
github.com/screwyprof/delegator/scraper/service.go:108.4,110.1 2 1
github.com/screwyprof/delegator/scraper/service.go:111.3,111.24 1 20
github.com/screwyprof/delegator/scraper/service.go:112.4,112.9 1 10
github.com/screwyprof/delegator/scraper/service.go:114.3,115.1 2 10
github.com/screwyprof/delegator/scraper/service.go:117.3,121.1 2 10
github.com/screwyprof/delegator/scraper/service.go:124.2,128.1 4 10
github.com/screwyprof/delegator/scraper/service.go:131.2,132.6 4 10
github.com/screwyprof/delegator/scraper/service.go:133.3,133.10 1 15
github.com/screwyprof/delegator/scraper/service.go:135.4,136.10 2 10
github.com/screwyprof/delegator/scraper/service.go:138.4,139.18 2 5
github.com/screwyprof/delegator/scraper/service.go:140.5,141.13 2 1
github.com/screwyprof/delegator/scraper/service.go:145.4,149.1 1 4
github.com/screwyprof/delegator/scraper/service.go:157.2,157.9 1 26
github.com/screwyprof/delegator/scraper/service.go:159.3,159.33 1 0
github.com/screwyprof/delegator/scraper/service.go:160.10,160.10 0 26
github.com/screwyprof/delegator/scraper/service.go:164.2,165.16 2 26
github.com/screwyprof/delegator/scraper/service.go:166.3,167.1 1 0
github.com/screwyprof/delegator/scraper/service.go:170.2,173.1 3 26
github.com/screwyprof/delegator/scraper/service.go:174.2,175.16 3 26
github.com/screwyprof/delegator/scraper/service.go:176.3,177.1 1 2
github.com/screwyprof/delegator/scraper/service.go:179.2,179.21 1 24
github.com/screwyprof/delegator/scraper/service.go:180.3,181.1 1 11
github.com/screwyprof/delegator/scraper/service.go:184.2,185.1 3 13
github.com/screwyprof/delegator/scraper/service.go:187.2,188.16 3 13
github.com/screwyprof/delegator/scraper/service.go:189.3,190.1 1 0
github.com/screwyprof/delegator/scraper/service.go:193.2,197.8 2 13
github.com/screwyprof/delegator/scraper/service.go:202.2,203.1 2 13
github.com/screwyprof/delegator/scraper/service.go:204.2,204.42 2 13
github.com/screwyprof/delegator/scraper/service.go:205.3,211.1 1 25017
github.com/screwyprof/delegator/scraper/service.go:214.2,214.20 1 13
github.com/screwyprof/delegator/scraper/subscriber.go:18.2,18.29 1 5
github.com/screwyprof/delegator/scraper/subscriber.go:18.31,18.55 1 5
github.com/screwyprof/delegator/scraper/subscriber.go:23.2,23.29 1 1
github.com/screwyprof/delegator/scraper/subscriber.go:23.31,23.62 1 1
github.com/screwyprof/delegator/scraper/subscriber.go:28.2,28.29 1 1
github.com/screwyprof/delegator/scraper/subscriber.go:28.31,28.59 1 1
github.com/screwyprof/delegator/scraper/subscriber.go:33.2,33.29 1 1
github.com/screwyprof/delegator/scraper/subscriber.go:33.31,33.60 1 1
github.com/screwyprof/delegator/scraper/subscriber.go:38.2,38.29 1 4
github.com/screwyprof/delegator/scraper/subscriber.go:38.31,38.58 1 4
github.com/screwyprof/delegator/scraper/subscriber.go:43.2,43.29 1 3
github.com/screwyprof/delegator/scraper/subscriber.go:43.31,43.58 1 3
github.com/screwyprof/delegator/scraper/subscriber.go:48.2,48.29 1 2
github.com/screwyprof/delegator/scraper/subscriber.go:48.31,48.59 1 2
github.com/screwyprof/delegator/scraper/subscriber.go:53.2,53.29 1 1
github.com/screwyprof/delegator/scraper/subscriber.go:53.31,53.59 1 1
github.com/screwyprof/delegator/scraper/subscriber.go:74.2,76.46 1 11
github.com/screwyprof/delegator/scraper/subscriber.go:76.47,76.47 0 5
github.com/screwyprof/delegator/scraper/subscriber.go:77.50,77.50 0 10
github.com/screwyprof/delegator/scraper/subscriber.go:78.56,78.56 0 9
github.com/screwyprof/delegator/scraper/subscriber.go:79.48,79.48 0 0
github.com/screwyprof/delegator/scraper/subscriber.go:80.55,80.55 0 0
github.com/screwyprof/delegator/scraper/subscriber.go:81.49,81.49 0 7
github.com/screwyprof/delegator/scraper/subscriber.go:82.50,82.50 0 8
github.com/screwyprof/delegator/scraper/subscriber.go:83.47,83.47 0 0
github.com/screwyprof/delegator/scraper/subscriber.go:86.2,86.27 1 11
github.com/screwyprof/delegator/scraper/subscriber.go:87.3,88.1 1 18
github.com/screwyprof/delegator/scraper/subscriber.go:91.2,91.12 1 11
github.com/screwyprof/delegator/scraper/subscriber.go:92.3,93.26 2 11
github.com/screwyprof/delegator/scraper/subscriber.go:94.4,94.26 1 57
github.com/screwyprof/delegator/scraper/subscriber.go:96.5,96.32 1 11
github.com/screwyprof/delegator/scraper/subscriber.go:98.5,98.29 1 10
github.com/screwyprof/delegator/scraper/subscriber.go:100.5,100.25 1 10
github.com/screwyprof/delegator/scraper/subscriber.go:102.5,102.30 1 1
github.com/screwyprof/delegator/scraper/subscriber.go:104.5,104.28 1 10
github.com/screwyprof/delegator/scraper/subscriber.go:106.5,106.28 1 4
github.com/screwyprof/delegator/scraper/subscriber.go:108.5,108.29 1 10
github.com/screwyprof/delegator/scraper/subscriber.go:110.5,110.29 1 1
github.com/screwyprof/delegator/scraper/subscriber.go:115.2,115.16 1 11
github.com/screwyprof/delegator/scraper/subscriber.go:116.3,117.1 1 11
github.com/screwyprof/delegator/scraper/config/config.go:22.2,23.1 1 2
github.com/screwyprof/delegator/scraper/store/dbrow/delegation.go:22.2,23.1 2 3
github.com/screwyprof/delegator/scraper/store/dbrow/delegation.go:24.2,24.32 2 3
github.com/screwyprof/delegator/scraper/store/dbrow/delegation.go:25.3,32.1 1 25007
github.com/screwyprof/delegator/scraper/store/dbrow/delegation.go:35.2,35.13 1 3
github.com/screwyprof/delegator/scraper/store/pgxstore/store.go:33.2,34.19 2 1
github.com/screwyprof/delegator/scraper/store/pgxstore/store.go:35.3,36.1 1 1
github.com/screwyprof/delegator/scraper/store/pgxstore/store.go:37.2,37.22 1 1
github.com/screwyprof/delegator/scraper/store/pgxstore/store.go:42.2,44.35 3 5
github.com/screwyprof/delegator/scraper/store/pgxstore/store.go:45.3,46.1 1 0
github.com/screwyprof/delegator/scraper/store/pgxstore/store.go:47.2,47.16 1 5
github.com/screwyprof/delegator/scraper/store/pgxstore/store.go:48.3,49.1 1 0
github.com/screwyprof/delegator/scraper/store/pgxstore/store.go:50.2,50.20 1 5
github.com/screwyprof/delegator/scraper/store/pgxstore/store.go:56.2,56.27 1 3
github.com/screwyprof/delegator/scraper/store/pgxstore/store.go:57.3,58.1 1 0
github.com/screwyprof/delegator/scraper/store/pgxstore/store.go:61.2,62.1 3 3
github.com/screwyprof/delegator/scraper/store/pgxstore/store.go:63.2,64.16 3 3
github.com/screwyprof/delegator/scraper/store/pgxstore/store.go:65.3,66.1 1 0
github.com/screwyprof/delegator/scraper/store/pgxstore/store.go:67.2,67.15 1 3
github.com/screwyprof/delegator/scraper/store/pgxstore/store.go:67.17,67.39 1 3
github.com/screwyprof/delegator/scraper/store/pgxstore/store.go:69.2,69.51 1 3
github.com/screwyprof/delegator/scraper/store/pgxstore/store.go:70.3,71.1 1 0
github.com/screwyprof/delegator/scraper/store/pgxstore/store.go:73.2,73.56 1 3
github.com/screwyprof/delegator/scraper/store/pgxstore/store.go:74.3,75.1 1 0
github.com/screwyprof/delegator/scraper/store/pgxstore/store.go:77.2,77.56 1 3
github.com/screwyprof/delegator/scraper/store/pgxstore/store.go:78.3,79.1 1 0
github.com/screwyprof/delegator/scraper/store/pgxstore/store.go:81.2,81.65 1 3
github.com/screwyprof/delegator/scraper/store/pgxstore/store.go:82.3,83.1 1 0
github.com/screwyprof/delegator/scraper/store/pgxstore/store.go:85.2,85.38 1 3
github.com/screwyprof/delegator/scraper/store/pgxstore/store.go:86.3,87.1 1 0
github.com/screwyprof/delegator/scraper/store/pgxstore/store.go:89.2,89.12 1 3
github.com/screwyprof/delegator/scraper/store/pgxstore/store.go:94.2,104.16 2 3
github.com/screwyprof/delegator/scraper/store/pgxstore/store.go:105.3,106.1 1 0
github.com/screwyprof/delegator/scraper/store/pgxstore/store.go:107.2,107.12 1 3
github.com/screwyprof/delegator/scraper/store/pgxstore/store.go:112.2,118.16 2 3
github.com/screwyprof/delegator/scraper/store/pgxstore/store.go:119.3,120.1 1 0
github.com/screwyprof/delegator/scraper/store/pgxstore/store.go:121.2,121.12 1 3
github.com/screwyprof/delegator/scraper/store/pgxstore/store.go:126.2,132.16 2 3
github.com/screwyprof/delegator/scraper/store/pgxstore/store.go:133.3,134.1 1 0
github.com/screwyprof/delegator/scraper/store/pgxstore/store.go:135.2,135.12 1 3
github.com/screwyprof/delegator/scraper/store/pgxstore/store.go:141.2,142.1 3 3
github.com/screwyprof/delegator/scraper/store/pgxstore/store.go:143.2,147.16 3 3
github.com/screwyprof/delegator/scraper/store/pgxstore/store.go:148.3,149.1 1 0
github.com/screwyprof/delegator/scraper/store/pgxstore/store.go:150.2,150.12 1 3
github.com/screwyprof/delegator/web/api/errors.go:24.2,25.1 1 3
github.com/screwyprof/delegator/web/api/errors.go:29.2,30.1 1 3
github.com/screwyprof/delegator/web/api/errors.go:34.2,35.1 1 1
github.com/screwyprof/delegator/web/api/errors.go:39.2,40.1 1 1
github.com/screwyprof/delegator/web/api/errors.go:44.2,45.1 1 3
github.com/screwyprof/delegator/web/api/errors.go:49.2,53.1 1 1
github.com/screwyprof/delegator/web/api/errors.go:58.2,62.1 1 4
github.com/screwyprof/delegator/web/api/errors.go:66.2,70.1 1 2
github.com/screwyprof/delegator/web/api/errors.go:76.2,76.16 1 3
github.com/screwyprof/delegator/web/api/errors.go:77.3,78.1 1 1
github.com/screwyprof/delegator/web/api/errors.go:81.2,82.29 2 2
github.com/screwyprof/delegator/web/api/errors.go:83.3,84.1 1 1
github.com/screwyprof/delegator/web/api/errors.go:88.2,88.33 1 1
github.com/screwyprof/delegator/web/handler/tezos_get_delegations.go:28.2,30.1 1 6
github.com/screwyprof/delegator/web/handler/tezos_get_delegations.go:34.2,35.1 1 6
github.com/screwyprof/delegator/web/handler/tezos_get_delegations.go:39.2,40.16 2 6
github.com/screwyprof/delegator/web/handler/tezos_get_delegations.go:41.3,42.1 1 0
github.com/screwyprof/delegator/web/handler/tezos_get_delegations.go:45.2,46.16 2 6
github.com/screwyprof/delegator/web/handler/tezos_get_delegations.go:47.3,48.1 1 0
github.com/screwyprof/delegator/web/handler/tezos_get_delegations.go:51.2,52.16 2 6
github.com/screwyprof/delegator/web/handler/tezos_get_delegations.go:53.3,54.1 1 0
github.com/screwyprof/delegator/web/handler/tezos_get_delegations.go:57.2,57.71 1 6
github.com/screwyprof/delegator/web/handler/tezos_get_delegations.go:58.3,59.1 1 5
github.com/screwyprof/delegator/web/handler/tezos_get_delegations.go:62.2,63.27 2 6
github.com/screwyprof/delegator/web/handler/tezos_get_delegations.go:68.2,69.1 4 6
github.com/screwyprof/delegator/web/handler/tezos_get_delegations.go:71.2,73.1 4 6
github.com/screwyprof/delegator/web/handler/tezos_get_delegations.go:75.2,75.24 4 6
github.com/screwyprof/delegator/web/handler/tezos_get_delegations.go:76.3,80.1 4 2
github.com/screwyprof/delegator/web/handler/tezos_get_delegations.go:83.2,83.20 1 6
github.com/screwyprof/delegator/web/handler/tezos_get_delegations.go:84.3,88.1 4 5
github.com/screwyprof/delegator/web/handler/tezos_get_delegations.go:94.2,94.34 1 6
github.com/screwyprof/delegator/web/handler/bind/bind.go:23.2,24.1 3 6
github.com/screwyprof/delegator/web/handler/bind/bind.go:25.2,26.16 3 6
github.com/screwyprof/delegator/web/handler/bind/bind.go:27.3,28.1 1 0
github.com/screwyprof/delegator/web/handler/bind/bind.go:30.2,31.16 2 6
github.com/screwyprof/delegator/web/handler/bind/bind.go:32.3,33.1 1 0
github.com/screwyprof/delegator/web/handler/bind/bind.go:35.2,36.16 2 6
github.com/screwyprof/delegator/web/handler/bind/bind.go:37.3,38.1 1 0
github.com/screwyprof/delegator/web/handler/bind/bind.go:40.2,44.8 1 6
github.com/screwyprof/delegator/web/handler/bind/bind.go:49.2,49.13 1 18
github.com/screwyprof/delegator/web/handler/bind/bind.go:50.3,51.1 1 10
github.com/screwyprof/delegator/web/handler/bind/bind.go:52.2,52.37 1 8
github.com/screwyprof/delegator/web/handler/bind/bind.go:57.2,58.34 2 6
github.com/screwyprof/delegator/web/handler/bind/bind.go:59.3,64.1 1 127
github.com/screwyprof/delegator/web/handler/bind/bind.go:67.2,69.1 1 6
github.com/screwyprof/delegator/web/store/pgxstore/querybuilder.go:22.2,24.1 1 6
github.com/screwyprof/delegator/web/store/pgxstore/querybuilder.go:29.2,33.1 1 6
github.com/screwyprof/delegator/web/store/pgxstore/querybuilder.go:37.2,37.23 1 6
github.com/screwyprof/delegator/web/store/pgxstore/querybuilder.go:38.3,39.1 1 2
github.com/screwyprof/delegator/web/store/pgxstore/querybuilder.go:40.2,40.10 1 6
github.com/screwyprof/delegator/web/store/pgxstore/querybuilder.go:45.2,47.1 2 6
github.com/screwyprof/delegator/web/store/pgxstore/querybuilder.go:52.2,54.1 4 6
github.com/screwyprof/delegator/web/store/pgxstore/querybuilder.go:55.2,56.1 4 6
github.com/screwyprof/delegator/web/store/pgxstore/querybuilder.go:57.2,57.16 4 6
github.com/screwyprof/delegator/web/store/pgxstore/querybuilder.go:58.3,59.1 1 2
github.com/screwyprof/delegator/web/store/pgxstore/querybuilder.go:61.2,61.10 1 6
github.com/screwyprof/delegator/web/store/pgxstore/querybuilder.go:66.2,67.1 1 6
github.com/screwyprof/delegator/web/store/pgxstore/querybuilder.go:76.2,79.1 3 2
github.com/screwyprof/delegator/web/store/pgxstore/querybuilder.go:83.2,86.1 3 8
github.com/screwyprof/delegator/web/store/pgxstore/querybuilder.go:90.2,91.1 1 10
github.com/screwyprof/delegator/web/store/pgxstore/store.go:28.2,29.19 2 6
github.com/screwyprof/delegator/web/store/pgxstore/store.go:30.3,31.1 1 6
github.com/screwyprof/delegator/web/store/pgxstore/store.go:32.2,32.23 1 6
github.com/screwyprof/delegator/web/store/pgxstore/store.go:38.2,41.1 3 6
github.com/screwyprof/delegator/web/store/pgxstore/store.go:42.2,43.16 3 6
github.com/screwyprof/delegator/web/store/pgxstore/store.go:44.3,45.1 1 0
github.com/screwyprof/delegator/web/store/pgxstore/store.go:46.2,47.1 3 6
github.com/screwyprof/delegator/web/store/pgxstore/store.go:49.2,50.16 3 6
github.com/screwyprof/delegator/web/store/pgxstore/store.go:51.3,52.1 1 0
github.com/screwyprof/delegator/web/store/pgxstore/store.go:55.2,56.38 2 6
github.com/screwyprof/delegator/web/store/pgxstore/store.go:57.3,63.1 2 132
github.com/screwyprof/delegator/web/store/pgxstore/store.go:64.3,65.1 2 132
github.com/screwyprof/delegator/web/store/pgxstore/store.go:68.2,69.13 2 6
github.com/screwyprof/delegator/web/store/pgxstore/store.go:71.3,72.1 1 5
github.com/screwyprof/delegator/web/store/pgxstore/store.go:74.2,79.8 1 6
github.com/screwyprof/delegator/web/tezos/delegation.go:39.2,40.1 1 23
github.com/screwyprof/delegator/web/tezos/delegation.go:44.2,45.1 1 13
github.com/screwyprof/delegator/web/tezos/delegation.go:49.2,50.16 2 17
github.com/screwyprof/delegator/web/tezos/delegation.go:51.3,52.1 1 3
github.com/screwyprof/delegator/web/tezos/delegation.go:54.2,55.1 3 14
github.com/screwyprof/delegator/web/tezos/delegation.go:56.2,57.16 3 14
github.com/screwyprof/delegator/web/tezos/delegation.go:58.3,59.1 1 2
github.com/screwyprof/delegator/web/tezos/delegation.go:61.2,65.8 1 12
github.com/screwyprof/delegator/web/tezos/pagination.go:30.2,30.15 1 19
github.com/screwyprof/delegator/web/tezos/pagination.go:31.3,32.1 1 6
github.com/screwyprof/delegator/web/tezos/pagination.go:34.2,34.19 1 13
github.com/screwyprof/delegator/web/tezos/pagination.go:40.2,40.18 1 27
github.com/screwyprof/delegator/web/tezos/pagination.go:41.3,42.1 1 7
github.com/screwyprof/delegator/web/tezos/pagination.go:44.2,44.26 1 20
github.com/screwyprof/delegator/web/tezos/pagination.go:45.3,46.1 1 6
github.com/screwyprof/delegator/web/tezos/pagination.go:48.2,48.30 1 14
github.com/screwyprof/delegator/web/tezos/pagination.go:53.2,54.1 1 28
github.com/screwyprof/delegator/web/tezos/pagination.go:58.2,59.1 1 55
github.com/screwyprof/delegator/web/tezos/pagination.go:70.48,70.66 1 8
github.com/screwyprof/delegator/web/tezos/pagination.go:71.48,71.69 1 10
github.com/screwyprof/delegator/web/tezos/year.go:25.2,25.15 1 31
github.com/screwyprof/delegator/web/tezos/year.go:26.3,27.1 1 9
github.com/screwyprof/delegator/web/tezos/year.go:30.2,32.1 3 22
github.com/screwyprof/delegator/web/tezos/year.go:33.2,33.48 3 22
github.com/screwyprof/delegator/web/tezos/year.go:34.3,35.1 1 11
github.com/screwyprof/delegator/web/tezos/year.go:37.2,37.24 1 11
github.com/screwyprof/delegator/web/tezos/year.go:42.2,43.1 1 24
